Base path: C:/Program Files/Unity/Hub/Editor/2019.1.1f1/Editor/Data
Cmd: initializeCompiler
Cmd: compileComputeKernel
  api=4 insize=14406 outsize=21733 ok=1
Cmd: compileComputeKernel
  api=4 insize=14406 outsize=31409 ok=1
Cmd: compileComputeKernel
  api=4 insize=14406 outsize=31529 ok=1
Cmd: compileComputeKernel
  api=4 insize=14406 outsize=32345 ok=1
Cmd: compileComputeKernel
  api=4 insize=14406 outsize=31625 ok=1
Cmd: compileComputeKernel
  api=4 insize=14406 outsize=33949 ok=1
Cmd: compileComputeKernel
  api=4 insize=14406 outsize=33029 ok=1
Cmd: compileComputeKernel
  api=4 insize=14406 outsize=43565 ok=1
Cmd: compileComputeKernel
  api=4 insize=14406 outsize=43501 ok=1
Cmd: compileComputeKernel
  api=4 insize=26648 outsize=16081 ok=1
Cmd: compileComputeKernel
  api=4 insize=9347 outsize=7977 ok=1
Cmd: compileComputeKernel
  api=4 insize=17415 outsize=10469 ok=1
Cmd: compileComputeKernel
  api=4 insize=4918 outsize=2493 ok=1
Cmd: compileComputeKernel
  api=4 insize=7423 outsize=6509 ok=1
Cmd: compileComputeKernel
  api=4 insize=20012 outsize=14241 ok=1
Cmd: compileComputeKernel
  api=4 insize=20668 outsize=27309 ok=1
Cmd: compileComputeKernel
  api=4 insize=34508 outsize=34605 ok=1
Cmd: compileComputeKernel
  api=4 insize=5089 outsize=929 ok=1
Cmd: compileComputeKernel
  api=4 insize=14985 outsize=3013 ok=1
Cmd: compileComputeKernel
  api=4 insize=7712 outsize=4345 ok=1
Cmd: compileComputeKernel
  api=4 insize=3918 outsize=693 ok=1
Cmd: compileComputeKernel
  api=4 insize=5723 outsize=637 ok=1
Cmd: compileSnippet
  api=4 type=0 insize=7237 outsize=810 kw=_NORMALMAP_TANGENT_SPACE pd=UNITY_ENABLE_REFLECTION_BUFFERS UNITY_USE_DITHER_MASK_FOR_ALPHABLENDED_SHADOWS UNITY_PBS_USE_BRDF1 UNITY_SPECCUBE_BOX_PROJECTION UNITY_SPECCUBE_BLENDING UNITY_ENABLE_DETAIL_NORMALMAP SHADER_API_DESKTOP UNITY_LIGHT_PROBE_PROXY_VOLUME UNITY_LIGHTMAP_FULL_HDR ok=1
Cmd: compileSnippet
  api=4 type=0 insize=7060 outsize=810 kw=_NORMALMAP_TANGENT_SPACE pd=UNITY_ENABLE_REFLECTION_BUFFERS UNITY_USE_DITHER_MASK_FOR_ALPHABLENDED_SHADOWS UNITY_PBS_USE_BRDF1 UNITY_SPECCUBE_BOX_PROJECTION UNITY_SPECCUBE_BLENDING UNITY_ENABLE_DETAIL_NORMALMAP SHADER_API_DESKTOP UNITY_LIGHT_PROBE_PROXY_VOLUME UNITY_LIGHTMAP_FULL_HDR ok=1
